# JRE version: Java(TM) SE Runtime Environment (8.0_25-b18) (build 1.8.0_25-b18)
# Java VM: Java HotSpot(TM) 64-Bit Server VM (25.25-b02 mixed mode windows-amd64 compressed oops)
Heap:
 PSYoungGen      total 9728K, used 2312K [0x00000000f5580000, 0x00000000f6000000, 0x0000000100000000)
  eden space 8704K, 14% used [0x00000000f5580000,0x00000000f56c3070,0x00000000f5e00000)
  from space 1024K, 99% used [0x00000000f5f00000,0x00000000f5fff130,0x00000000f6000000)
  to   space 1024K, 0% used [0x00000000f5e00000,0x00000000f5e00000,0x00000000f5f00000)
 ParOldGen       total 22016K, used 3763K [0x00000000e0000000, 0x00000000e1580000, 0x00000000f5580000)
  object space 22016K, 17% used [0x00000000e0000000,0x00000000e03acc90,0x00000000e1580000)
 Metaspace       used 7599K, capacity 7715K, committed 7936K, reserved 1056768K
  class space    used 710K, capacity 752K, committed 768K, reserved 1048576K
GC Heap History (4 events):
Event: 0.951 GC heap before
{Heap before GC invocations=1 (full 0):
 PSYoungGen      total 9728K, used 8279K [0x00000000f5580000, 0x00000000f6000000, 0x0000000100000000)
  eden space 8704K, 95% used [0x00000000f5580000,0x00000000f5d95c10,0x00000000f5e00000)
  from space 1024K, 0% used [0x00000000f5f00000,0x00000000f5f00000,0x00000000f6000000)
  to   space 1024K, 0% used [0x00000000f5e00000,0x00000000f5e00000,0x00000000f5f00000)
 ParOldGen       total 22016K, used 0K [0x00000000e0000000, 0x00000000e1580000, 0x00000000f5580000)
  object space 22016K, 0% used [0x00000000e0000000,0x00000000e0000000,0x00000000e1580000)
 Metaspace       used 5947K, capacity 6371K, committed 6528K, reserved 1056768K
  class space    used 581K, capacity 624K, committed 640K, reserved 1048576K
Event: 0.957 GC heap after
Heap after GC invocations=1 (full 0):
 PSYoungGen      total 9728K, used 992K [0x00000000f5580000, 0x00000000f6000000, 0x0000000100000000)
  eden space 8704K, 0% used [0x00000000f5580000,0x00000000f5580000,0x00000000f5e00000)
  from space 1024K, 96% used [0x00000000f5e00000,0x00000000f5ef8020,0x00000000f5f00000)
  to   space 1024K, 0% used [0x00000000f5f00000,0x00000000f5f00000,0x00000000f6000000)
 ParOldGen       total 22016K, used 1312K [0x00000000e0000000, 0x00000000e1580000, 0x00000000f5580000)
  object space 22016K, 5% used [0x00000000e0000000,0x00000000e0148298,0x00000000e1580000)
 Metaspace       used 5947K, capacity 6371K, committed 6528K, reserved 1056768K
  class space    used 581K, capacity 624K, committed 640K, reserved 1048576K
}
Event: 1.691 GC heap before
{Heap before GC invocations=2 (full 0):
 PSYoungGen      total 9728K, used 9315K [0x00000000f5580000, 0x00000000f6000000, 0x0000000100000000)
  eden space 8704K, 95% used [0x00000000f5580000,0x00000000f5da0eb8,0x00000000f5e00000)
  from space 1024K, 96% used [0x00000000f5e00000,0x00000000f5ef8020,0x00000000f5f00000)
  to   space 1024K, 0% used [0x00000000f5f00000,0x00000000f5f00000,0x00000000f6000000)
 ParOldGen       total 22016K, used 1312K [0x00000000e0000000, 0x00000000e1580000, 0x00000000f5580000)
  object space 22016K, 5% used [0x00000000e0000000,0x00000000e0148298,0x00000000e1580000)
 Metaspace       used 7355K, capacity 7523K, committed 7680K, reserved 1056768K
  class space    used 702K, capacity 752K, committed 768K, reserved 1048576K
Event: 1.697 GC heap after
Heap after GC invocations=2 (full 0):
 PSYoungGen      total 9728K, used 1020K [0x00000000f5580000, 0x00000000f6000000, 0x0000000100000000)
  eden space 8704K, 0% used [0x00000000f5580000,0x00000000f5580000,0x00000000f5e00000)
  from space 1024K, 99% used [0x00000000f5f00000,0x00000000f5fff130,0x00000000f6000000)
  to   space 1024K, 0% used [0x00000000f5e00000,0x00000000f5e00000,0x00000000f5f00000)
 ParOldGen       total 22016K, used 3763K [0x00000000e0000000, 0x00000000e1580000, 0x00000000f5580000)
  object space 22016K, 17% used [0x00000000e0000000,0x00000000e03acc90,0x00000000e1580000)
 Metaspace       used 7355K, capacity 7523K, committed 7680K, reserved 1056768K
  class space    used 702K, capacity 752K, committed 768K, reserved 1048576K
}

